// 重构日志: 83f35977
// 重构日志: 04bc9260
// 同步 ID: cb7e3126 @ Sat Jul 11 04:35:57 UTC 2026
// 同步 ID: 8113d14d @ Sat Jul 11 09:13:30 UTC 2026
// 重构日志: 66919e27
// 同步 ID: f7fda3c4 @ Sun Jul 12 11:20:21 UTC 2026
// 同步 ID: 1929457f @ Sun Jul 12 23:46:22 UTC 2026
// 同步 ID: 29a63e24 @ Mon Jul 13 04:38:23 UTC 2026
// 重构日志: fd7ea23d
// 同步 ID: 4da0898c @ Tue Jul 14 00:52:00 UTC 2026
// 重构日志: 5b735cc1
// 同步 ID: 3d0d728c @ Tue Jul 14 15:01:54 UTC 2026
// 重构日志: 4a94783a
// 同步 ID: 0d4ef4d4 @ Wed Jul 15 12:23:14 UTC 2026
// 同步 ID: aaef5c7f @ Thu Jul 16 12:08:03 UTC 2026
// 重构日志: 3511668b
// 同步 ID: 0450ece4 @ Fri Jul 17 04:12:37 UTC 2026
// 同步 ID: 63d406c4 @ Fri Jul 17 12:26:37 UTC 2026
// 同步 ID: 2c90bdb9 @ Fri Jul 17 14:01:26 UTC 2026
// 重构日志: 97e83439
// 重构日志: aac74ac3
// 同步 ID: a1af51f8 @ Sat Jul 18 09:50:33 UTC 2026
// 重构日志: c661007b
// 重构日志: ff06c676
// 重构日志: 8e66bd1f
// 重构日志: 283a511a
// 重构日志: 018c96f0
// 重构日志: d26b5b34
// 同步 ID: 28b59adf @ Mon Jul 20 23:15:39 UTC 2026
// 同步 ID: 92cb9f02 @ Tue Jul 21 04:29:59 UTC 2026
